Symbol range map extraction starting
Processing 233 files
processing ravenNPlus\b\clickgui\RavenNPlus\ClickGui.java
processing ravenNPlus\b\clickgui\RavenNPlus\CommandPrompt.java
processing ravenNPlus\b\clickgui\RavenNPlus\Component.java
processing ravenNPlus\b\clickgui\RavenNPlus\components\BindComponent.java
processing ravenNPlus\b\clickgui\RavenNPlus\components\BindStage.java
processing ravenNPlus\b\clickgui\RavenNPlus\components\CategoryComponent.java
processing ravenNPlus\b\clickgui\RavenNPlus\components\DescriptionComponent.java
processing ravenNPlus\b\clickgui\RavenNPlus\components\ModeComponent.java
processing ravenNPlus\b\clickgui\RavenNPlus\components\ModuleComponent.java
processing ravenNPlus\b\clickgui\RavenNPlus\components\RangeSliderComponent.java
processing ravenNPlus\b\clickgui\RavenNPlus\components\SliderComponent.java
processing ravenNPlus\b\clickgui\RavenNPlus\components\TickComponent.java
processing ravenNPlus\b\clickgui\theme\Theme.java
processing ravenNPlus\b\clickgui\theme\themes\ArcDark.java
processing ravenNPlus\b\clickgui\theme\themes\MaterialDark.java
processing ravenNPlus\b\clickgui\theme\themes\NoModulesFake.java
processing ravenNPlus\b\clickgui\theme\themes\RavenB3.java
processing ravenNPlus\b\clickgui\theme\themes\Vape.java
processing ravenNPlus\b\command\Command.java
processing ravenNPlus\b\command\CommandManager.java
processing ravenNPlus\b\command\commands\Author.java
processing ravenNPlus\b\command\commands\ClearChat.java
processing ravenNPlus\b\command\commands\Cls.java
processing ravenNPlus\b\command\commands\Cname.java
processing ravenNPlus\b\command\commands\Color.java
processing ravenNPlus\b\command\commands\ConfigCommand.java
processing ravenNPlus\b\command\commands\Day.java
processing ravenNPlus\b\command\commands\Debug.java
processing ravenNPlus\b\command\commands\Discord.java
processing ravenNPlus\b\command\commands\Duels.java
processing ravenNPlus\b\command\commands\F3Name.java
processing ravenNPlus\b\command\commands\Fakechat.java
processing ravenNPlus\b\command\commands\Friends.java
processing ravenNPlus\b\command\commands\GamemodeC.java
processing ravenNPlus\b\command\commands\GamemodeS.java
processing ravenNPlus\b\command\commands\Help.java
processing ravenNPlus\b\command\commands\Nick.java
processing ravenNPlus\b\command\commands\Night.java
processing ravenNPlus\b\command\commands\Ping.java
processing ravenNPlus\b\command\commands\SetKey.java
processing ravenNPlus\b\command\commands\Update.java
processing ravenNPlus\b\command\commands\Uwu.java
processing ravenNPlus\b\command\commands\VersionCommand.java
processing ravenNPlus\b\config\Config.java
processing ravenNPlus\b\config\ConfigManager.java
processing ravenNPlus\b\main\ClientConfig.java
processing ravenNPlus\b\main\FontRenderer.java
processing ravenNPlus\b\main\LaunchTracker.java
processing ravenNPlus\b\main\RavenNPlus.java
processing ravenNPlus\b\module\Module.java
processing ravenNPlus\b\module\ModuleManager.java
processing ravenNPlus\b\module\modules\HUD.java
processing ravenNPlus\b\module\modules\client\ClientNameSpoof.java
processing ravenNPlus\b\module\modules\client\CommandPrompt.java
processing ravenNPlus\b\module\modules\client\GuiClick.java
processing ravenNPlus\b\module\modules\client\Icons.java
processing ravenNPlus\b\module\modules\client\SelfDestruct.java
processing ravenNPlus\b\module\modules\client\Shutdown.java
processing ravenNPlus\b\module\modules\client\UpdateCheck.java
processing ravenNPlus\b\module\modules\combat\AimAssist.java
processing ravenNPlus\b\module\modules\combat\AntiBot.java
processing ravenNPlus\b\module\modules\combat\AutoArmor.java
processing ravenNPlus\b\module\modules\combat\AutoBlock.java
processing ravenNPlus\b\module\modules\combat\AutoGap.java
processing ravenNPlus\b\module\modules\combat\AutoWeapon.java
processing ravenNPlus\b\module\modules\combat\BestSword.java
processing ravenNPlus\b\module\modules\combat\BlockHit.java
processing ravenNPlus\b\module\modules\combat\BurstClicker.java
processing ravenNPlus\b\module\modules\combat\ClickAssist.java
processing ravenNPlus\b\module\modules\combat\Criticals.java
processing ravenNPlus\b\module\modules\combat\DelayRemover.java
processing ravenNPlus\b\module\modules\combat\DoubleClicker.java
processing ravenNPlus\b\module\modules\combat\HitBox.java
processing ravenNPlus\b\module\modules\combat\KillAura.java
processing ravenNPlus\b\module\modules\combat\LeftClicker.java
processing ravenNPlus\b\module\modules\combat\Reach.java
processing ravenNPlus\b\module\modules\combat\STap.java
processing ravenNPlus\b\module\modules\combat\ShiftTap.java
processing ravenNPlus\b\module\modules\combat\Velocity.java
processing ravenNPlus\b\module\modules\combat\WTap.java
processing ravenNPlus\b\module\modules\hotkey\Armour.java
processing ravenNPlus\b\module\modules\hotkey\Blocks.java
processing ravenNPlus\b\module\modules\hotkey\Healing.java
processing ravenNPlus\b\module\modules\hotkey\Ladders.java
processing ravenNPlus\b\module\modules\hotkey\Pearl.java
processing ravenNPlus\b\module\modules\hotkey\Trajectories.java
processing ravenNPlus\b\module\modules\hotkey\Weapon.java
processing ravenNPlus\b\module\modules\minigames\AutoSlot.java
processing ravenNPlus\b\module\modules\minigames\BedwarsOverlay.java
processing ravenNPlus\b\module\modules\minigames\BridgeInfo.java
processing ravenNPlus\b\module\modules\minigames\DuelsStats.java
processing ravenNPlus\b\module\modules\minigames\MurderMystery.java
processing ravenNPlus\b\module\modules\minigames\SumoFences.java
processing ravenNPlus\b\module\modules\minigames\sumo\SumoBot.java
processing ravenNPlus\b\module\modules\minigames\sumo\SumoClicker.java
processing ravenNPlus\b\module\modules\minigames\sumo\SumoStats.java
processing ravenNPlus\b\module\modules\movement\AntiVoid.java
processing ravenNPlus\b\module\modules\movement\AutoHeader.java
processing ravenNPlus\b\module\modules\movement\BHop.java
processing ravenNPlus\b\module\modules\movement\Boost.java
processing ravenNPlus\b\module\modules\movement\FastLadder.java
processing ravenNPlus\b\module\modules\movement\Fly.java
processing ravenNPlus\b\module\modules\movement\HypixelFly.java
processing ravenNPlus\b\module\modules\movement\InvMove.java
processing ravenNPlus\b\module\modules\movement\Jesus.java
processing ravenNPlus\b\module\modules\movement\KeepSprint.java
processing ravenNPlus\b\module\modules\movement\NoSlow.java
processing ravenNPlus\b\module\modules\movement\Scaffold.java
processing ravenNPlus\b\module\modules\movement\SlyPort.java
processing ravenNPlus\b\module\modules\movement\Speed.java
processing ravenNPlus\b\module\modules\movement\Sprint.java
processing ravenNPlus\b\module\modules\movement\Step.java
processing ravenNPlus\b\module\modules\movement\StopMotion.java
processing ravenNPlus\b\module\modules\movement\Timer.java
processing ravenNPlus\b\module\modules\movement\VClip.java
processing ravenNPlus\b\module\modules\other\AutoHome.java
processing ravenNPlus\b\module\modules\other\ChatLogger.java
processing ravenNPlus\b\module\modules\other\EasyChat.java
processing ravenNPlus\b\module\modules\other\FPSSpoofer.java
processing ravenNPlus\b\module\modules\other\FakeChat.java
processing ravenNPlus\b\module\modules\other\LegoGraphics.java
processing ravenNPlus\b\module\modules\other\MiddleClick.java
processing ravenNPlus\b\module\modules\other\MouseSpoofer.java
processing ravenNPlus\b\module\modules\other\NameHider.java
processing ravenNPlus\b\module\modules\other\NickName.java
processing ravenNPlus\b\module\modules\other\StringEncrypt.java
processing ravenNPlus\b\module\modules\other\WaterBucket.java
processing ravenNPlus\b\module\modules\player\AutoJump.java
processing ravenNPlus\b\module\modules\player\AutoPlace.java
processing ravenNPlus\b\module\modules\player\AutoTool.java
processing ravenNPlus\b\module\modules\player\BedAura.java
processing ravenNPlus\b\module\modules\player\BridgeAssist.java
processing ravenNPlus\b\module\modules\player\ChestSteal.java
processing ravenNPlus\b\module\modules\player\FallSpeed.java
processing ravenNPlus\b\module\modules\player\FastPlace.java
processing ravenNPlus\b\module\modules\player\Flip.java
processing ravenNPlus\b\module\modules\player\Freecam.java
processing ravenNPlus\b\module\modules\player\InvManager.java
processing ravenNPlus\b\module\modules\player\InvMgr.java
processing ravenNPlus\b\module\modules\player\NoFall.java
processing ravenNPlus\b\module\modules\player\RightClicker.java
processing ravenNPlus\b\module\modules\player\SafeWalk.java
processing ravenNPlus\b\module\modules\render\Animations.java
processing ravenNPlus\b\module\modules\render\AntiShuffle.java
processing ravenNPlus\b\module\modules\render\Chams.java
processing ravenNPlus\b\module\modules\render\ChestESP.java
processing ravenNPlus\b\module\modules\render\FOV.java
processing ravenNPlus\b\module\modules\render\Fullbright.java
processing ravenNPlus\b\module\modules\render\Hurtcam.java
processing ravenNPlus\b\module\modules\render\ItemCount.java
processing ravenNPlus\b\module\modules\render\ItemESP.java
processing ravenNPlus\b\module\modules\render\NameTags.java
processing ravenNPlus\b\module\modules\render\NameTagsV2.java
processing ravenNPlus\b\module\modules\render\PlayerESP.java
processing ravenNPlus\b\module\modules\render\Projectiles.java
processing ravenNPlus\b\module\modules\render\TargetHUD.java
processing ravenNPlus\b\module\modules\render\Tracers.java
processing ravenNPlus\b\module\modules\render\UserHud.java
processing ravenNPlus\b\module\modules\render\ViewModel.java
processing ravenNPlus\b\module\modules\render\Xray.java
processing ravenNPlus\b\module\setting\Setting.java
processing ravenNPlus\b\module\setting\impl\ComboSetting.java
processing ravenNPlus\b\module\setting\impl\DescriptionSetting.java
processing ravenNPlus\b\module\setting\impl\DoubleSliderSetting.java
processing ravenNPlus\b\module\setting\impl\SliderSetting.java
processing ravenNPlus\b\module\setting\impl\TickSetting.java
processing ravenNPlus\b\tweaker\ASMEventHandler.java
processing ravenNPlus\b\tweaker\ASMTransformerClass.java
processing ravenNPlus\b\tweaker\FMLLoadingPlugin.java
processing ravenNPlus\b\tweaker\interfaces\IThrowableItem.java
processing ravenNPlus\b\tweaker\transformers\Transformer.java
processing ravenNPlus\b\tweaker\transformers\TransformerEntity.java
processing ravenNPlus\b\tweaker\transformers\TransformerEntityPlayer.java
processing ravenNPlus\b\tweaker\transformers\TransformerEntityPlayerSP.java
processing ravenNPlus\b\tweaker\transformers\TransformerFMLCommonHandler.java
processing ravenNPlus\b\tweaker\transformers\TransformerFontRenderer.java
processing ravenNPlus\b\tweaker\transformers\TransformerGuiUtilRenderComponents.java
processing ravenNPlus\b\tweaker\transformers\TransformerMinecraft.java
processing ravenNPlus\b\tweaker\transformers\TransformerSplashProgress.java
processing ravenNPlus\b\tweaker\transformers\TransformerThrowableItem.java
processing ravenNPlus\b\utils\BlurUtil.java
processing ravenNPlus\b\utils\ChatHelper.java
processing ravenNPlus\b\utils\CombatUtils.java
processing ravenNPlus\b\utils\CoolDown.java
processing ravenNPlus\b\utils\DebugInfoRenderer.java
processing ravenNPlus\b\utils\DelayTimer.java
processing ravenNPlus\b\utils\DimensionHelper.java
processing ravenNPlus\b\utils\ImageButton.java
processing ravenNPlus\b\utils\InvUtils.java
processing ravenNPlus\b\utils\MouseManager.java
processing ravenNPlus\b\utils\RenderUtils.java
processing ravenNPlus\b\utils\RoundedUtils.java
processing ravenNPlus\b\utils\SoundUtil.java
processing ravenNPlus\b\utils\Timer.java
processing ravenNPlus\b\utils\Utils.java
processing ravenNPlus\b\utils\animations\Animation.java
processing ravenNPlus\b\utils\animations\AnimationUtil.java
processing ravenNPlus\b\utils\animations\Direction.java
processing ravenNPlus\b\utils\animations\animations\DecelerateAnimation.java
processing ravenNPlus\b\utils\animations\animations\EaseBackIn.java
processing ravenNPlus\b\utils\animations\animations\EaseInOutQuad.java
processing ravenNPlus\b\utils\animations\animations\ElasticAnimation.java
processing ravenNPlus\b\utils\animations\animations\SmoothStepAnimation.java
processing ravenNPlus\b\utils\event\Event.java
processing ravenNPlus\b\utils\event\EventDirection.java
processing ravenNPlus\b\utils\event\EventPostMotion.java
processing ravenNPlus\b\utils\event\EventPreMotion.java
processing ravenNPlus\b\utils\event\EventType.java
processing ravenNPlus\b\utils\font\CustomFont.java
processing ravenNPlus\b\utils\font\CustomFontrenderer.java
processing ravenNPlus\b\utils\font\FontUtil.java
processing ravenNPlus\b\utils\notifications\Manager.java
processing ravenNPlus\b\utils\notifications\Notification.java
processing ravenNPlus\b\utils\notifications\Render.java
processing ravenNPlus\b\utils\notifications\Type.java
processing ravenNPlus\b\utils\packet\Packet.java
processing ravenNPlus\b\utils\packet\server\PacketChat.java
processing ravenNPlus\b\utils\packet\server\PacketCloseWindow.java
processing ravenNPlus\b\utils\packet\server\PacketPosition.java
processing ravenNPlus\b\utils\packet\server\PacketTime.java
processing ravenNPlus\b\utils\packet\server\PacketVelocity.java
processing ravenNPlus\b\utils\profile\PlayerProfile.java
processing ravenNPlus\b\utils\profile\UUID.java
processing ravenNPlus\b\utils\profile\file_1035K0_X.java
processing ravenNPlus\b\utils\version\Version.java
processing ravenNPlus\b\utils\version\VersionManager.java
processing ravenNPlus\c\KeyStroke.java
processing ravenNPlus\c\KeyStrokeCommand.java
processing ravenNPlus\c\KeyStrokeConfigGui.java
processing ravenNPlus\c\KeyStrokeKeyRenderer.java
processing ravenNPlus\c\KeyStrokeMod.java
processing ravenNPlus\c\KeyStrokeMouse.java
processing ravenNPlus\c\KeyStrokeRenderer.java
