[01:32:45] [Client thread/INFO]: Setting user: Player106
[01:32:52] [Client thread/INFO]: LWJGL Version: 2.9.4
[01:32:59] [Client thread/INFO]: Reloading ResourceManager: Default, FMLFileResourcePack:Forge Mod Loader, FMLFileResourcePack:Minecraft Forge, FMLFileResourcePack:Raven N+
[01:33:00] [Sound Library Loader/INFO]: Starting up SoundSystem...
[01:33:00] [Thread-9/INFO]: Initializing LWJGL OpenAL
[01:33:00] [Thread-9/INFO]: (The LWJGL binding of OpenAL.  For more information, see http://www.lwjgl.org)
[01:33:00] [Thread-9/INFO]: OpenAL initialized.
[01:33:01] [Sound Library Loader/INFO]: Sound engine started
[01:33:08] [Client thread/INFO]: Created: 16x16 textures-atlas
[01:33:13] [Client thread/INFO]: Reloading ResourceManager: Default, FMLFileResourcePack:Forge Mod Loader, FMLFileResourcePack:Minecraft Forge, FMLFileResourcePack:Raven N+
[01:33:13] [Client thread/INFO]: SoundSystem shutting down...
[01:33:13] [Client thread/WARN]: Author: Paul Lamb, www.paulscode.com
[01:33:13] [Sound Library Loader/INFO]: Starting up SoundSystem...
[01:33:13] [Thread-12/INFO]: Initializing LWJGL OpenAL
[01:33:13] [Thread-12/INFO]: (The LWJGL binding of OpenAL.  For more information, see http://www.lwjgl.org)
[01:33:13] [Thread-12/INFO]: OpenAL initialized.
[01:33:13] [Sound Library Loader/INFO]: Sound engine started
[01:33:20] [Client thread/INFO]: Created: 512x512 textures-atlas
[01:33:27] [Server thread/INFO]: Starting integrated minecraft server version 1.8.9
[01:33:27] [Server thread/INFO]: Generating keypair
[01:33:28] [Server thread/INFO]: Preparing start region for level 0
[01:33:29] [Server thread/INFO]: Preparing spawn area: 11%
[01:33:30] [Server thread/INFO]: Preparing spawn area: 96%
[01:33:30] [Server thread/INFO]: Changing view distance to 2, from 10
[01:33:31] [Server thread/INFO]: Player106[local:E:0e62108a] logged in with entity id 347 at (247.5744299997536, 63.0, 163.512641671033)
[01:33:31] [Server thread/INFO]: Player106 joined the game
[01:33:35] [Server thread/INFO]: Stopping server
[01:33:35] [Server thread/INFO]: Saving players
[01:33:35] [Server thread/INFO]: Saving worlds
[01:33:35] [Server thread/INFO]: Saving chunks for level 'New World'/Overworld
[01:33:35] [Server thread/INFO]: Saving chunks for level 'New World'/Nether
[01:33:35] [Server thread/INFO]: Saving chunks for level 'New World'/The End
[01:33:36] [Client thread/FATAL]: Unreported exception thrown!
java.lang.NullPointerException
	at ravenNPlus.client.module.modules.render.Skeletton.r(Skeletton.java:42) ~[Skeletton.class:?]
	at net.minecraftforge.fml.common.eventhandler.ASMEventHandler_18_Skeletton_r_RenderTickEvent.invoke(.dynamic) ~[?:?]
	at net.minecraftforge.fml.common.eventhandler.ASMEventHandler.invoke(ASMEventHandler.java:49) ~[ASMEventHandler.class:?]
	at net.minecraftforge.fml.common.eventhandler.EventBus.post(EventBus.java:140) ~[EventBus.class:?]
	at net.minecraftforge.fml.common.FMLCommonHandler.onRenderTickStart(FMLCommonHandler.java:342) ~[FMLCommonHandler.class:?]
	at net.minecraft.client.Minecraft.runGameLoop(Minecraft.java:1105) ~[Minecraft.class:?]
	at net.minecraft.client.Minecraft.run(Minecraft.java:380) [Minecraft.class:?]
	at net.minecraft.client.main.Main.main(Main.java:116) [Main.class:?]
	at sun.reflect.NativeMethodAccessorImpl.invoke0(Native Method) ~[?:1.8.0_202]
	at sun.reflect.NativeMethodAccessorImpl.invoke(NativeMethodAccessorImpl.java:62) ~[?:1.8.0_202]
	at sun.reflect.DelegatingMethodAccessorImpl.invoke(DelegatingMethodAccessorImpl.java:43) ~[?:1.8.0_202]
	at java.lang.reflect.Method.invoke(Method.java:498) ~[?:1.8.0_202]
	at net.minecraft.launchwrapper.Launch.launch(Launch.java:135) [launchwrapper-1.12.jar:?]
	at net.minecraft.launchwrapper.Launch.main(Launch.java:28) [launchwrapper-1.12.jar:?]
	at sun.reflect.NativeMethodAccessorImpl.invoke0(Native Method) ~[?:1.8.0_202]
	at sun.reflect.NativeMethodAccessorImpl.invoke(NativeMethodAccessorImpl.java:62) ~[?:1.8.0_202]
	at sun.reflect.DelegatingMethodAccessorImpl.invoke(DelegatingMethodAccessorImpl.java:43) ~[?:1.8.0_202]
	at java.lang.reflect.Method.invoke(Method.java:498) ~[?:1.8.0_202]
	at net.minecraftforge.gradle.GradleStartCommon.launch(GradleStartCommon.java:97) [start/:?]
	at GradleStart.main(GradleStart.java:26) [start/:?]
